<?xml version="1.0" encoding="UTF-8"?>
<!-- Generated by org.testng.reporters.JUnitReportReporter -->
<testsuite hostname="Vaibhav-HP" failures="0" tests="1" name="testCases.TC_LoginTest" time="1.167" errors="0" timestamp="2024-08-15T19:03:46 IST" skipped="0">
  <testcase classname="testCases.TC_LoginTest" name="verifyLogin" time="1.167"/>
</testsuite> <!-- testCases.TC_LoginTest -->
