<?xml version="1.0" encoding="UTF-8"?>
<!-- Generated by org.testng.reporters.JUnitReportReporter -->
<testsuite hostname="Vaibhav-HP" failures="0" tests="1" name="testCases.TC_Logout" time="1.597" errors="0" timestamp="2024-08-19T22:31:17 IST" skipped="0">
  <testcase classname="testCases.TC_Logout" name="verifyLogout" time="1.597"/>
</testsuite> <!-- testCases.TC_Logout -->
