<?xml version="1.0" encoding="UTF-8"?>
<!-- Generated by org.testng.reporters.JUnitReportReporter -->
<testsuite hostname="Vaibhav-HP" failures="0" tests="1" name="testCases.TC_LoginTest" time="2.186" errors="0" timestamp="2024-08-10T10:50:01 IST" skipped="0">
  <testcase classname="testCases.TC_LoginTest" name="verifyLogin" time="2.186"/>
</testsuite> <!-- testCases.TC_LoginTest -->
