<?xml version="1.0" encoding="UTF-8"?>
<!-- Generated by org.testng.reporters.JUnitReportReporter -->
<testsuite hostname="Vaibhav-HP" failures="0" tests="1" name="testCases.TC_AccountRegistrationTest" time="2.040" errors="0" timestamp="2024-08-06T23:29:00 IST" skipped="0">
  <testcase classname="testCases.TC_AccountRegistrationTest" name="verify_ac_reg" time="2.040"/>
</testsuite> <!-- testCases.TC_AccountRegistrationTest -->
