<?xml version="1.0" encoding="UTF-8"?>
<!-- Generated by org.testng.reporters.JUnitReportReporter -->
<testsuite hostname="Vaibhav-HP" failures="0" tests="1" name="testCases.TC_EditAccount" time="2.770" errors="0" timestamp="2024-08-20T23:05:23 IST" skipped="0">
  <testcase classname="testCases.TC_EditAccount" name="verifyEditAc" time="2.770"/>
</testsuite> <!-- testCases.TC_EditAccount -->
