<?xml version="1.0" encoding="UTF-8"?>
<!-- Generated by org.testng.reporters.JUnitReportReporter -->
<testsuite hostname="Vaibhav-HP" failures="0" tests="1" name="testCases.TC_AddressTest" time="2.429" errors="0" timestamp="2024-08-28T23:45:53 IST" skipped="0">
  <testcase classname="testCases.TC_AddressTest" name="verify_address" time="2.429"/>
</testsuite> <!-- testCases.TC_AddressTest -->
