<?xml version="1.0" encoding="UTF-8"?>
<!-- Generated by org.testng.reporters.JUnitReportReporter -->
<testsuite hostname="Vaibhav-HP" failures="0" tests="1" name="testCases.TC_LoginTest" time="1.406" errors="0" timestamp="2024-09-17T17:06:04 IST" skipped="0">
  <testcase classname="testCases.TC_LoginTest" name="verifyLogin" time="1.406"/>
</testsuite> <!-- testCases.TC_LoginTest -->
