<?xml version="1.0" encoding="UTF-8"?>
<!-- Generated by org.testng.reporters.JUnitReportReporter -->
<testsuite hostname="Vaibhav-HP" failures="0" tests="1" name="testCases.TC_AccountRegistrationTest" time="1.791" errors="0" timestamp="2024-09-20T14:25:37 IST" skipped="0">
  <testcase classname="testCases.TC_AccountRegistrationTest" name="verify_ac_reg" time="1.791"/>
</testsuite> <!-- testCases.TC_AccountRegistrationTest -->
