<?xml version="1.0" encoding="UTF-8"?>
<!-- Generated by org.testng.reporters.JUnitReportReporter -->
<testsuite hostname="Vaibhav-HP" failures="0" tests="2" name="testCases.TC_AccountRegistrationTest" time="3.759" errors="0" timestamp="2024-08-16T19:11:40 IST" skipped="0">
  <testcase classname="testCases.TC_AccountRegistrationTest" name="verify_ac_reg" time="1.838"/>
  <testcase classname="testCases.TC_AccountRegistrationTest" name="verify_ac_reg" time="1.921"/>
</testsuite> <!-- testCases.TC_AccountRegistrationTest -->
