<?xml version="1.0" encoding="UTF-8"?>
<!-- Generated by org.testng.reporters.JUnitReportReporter -->
<testsuite hostname="Vaibhav-HP" failures="0" tests="1" name="testCases.TC_ChangePwdTest" time="2.198" errors="0" timestamp="2024-08-21T22:25:42 IST" skipped="0">
  <testcase classname="testCases.TC_ChangePwdTest" name="verifyChangePwd" time="2.198"/>
</testsuite> <!-- testCases.TC_ChangePwdTest -->
