<?xml version="1.0" encoding="UTF-8"?>
<!-- Generated by org.testng.reporters.JUnitReportReporter -->
<testsuite hostname="Vaibhav-HP" failures="0" tests="2" name="testCases.TC_AccountRegistrationTest" time="4.129" errors="0" timestamp="2024-08-09T15:26:46 IST" skipped="0">
  <testcase classname="testCases.TC_AccountRegistrationTest" name="verify_ac_reg" time="1.773"/>
  <testcase classname="testCases.TC_AccountRegistrationTest" name="verify_ac_reg" time="2.356"/>
</testsuite> <!-- testCases.TC_AccountRegistrationTest -->
